Using pre-set license
Built from '2021.3/staging' branch; Version is '2021.3.8f1 (b30333d56e81) revision 11731763'; Using compiler version '192829333'; Build Type 'Release'
OS: 'Windows 10  (10.0.19044) 64bit Core' Language: 'ru' Physical Memory: 15706 MB
BatchMode: 1, IsHumanControllingUs: 0, StartBugReporterOnCrash: 0, Is64bit: 1, IsPro: 1

COMMAND LINE ARGUMENTS:
D:\UnityEditor\2021.3.8f1\Editor\Unity.exe
-adb2
-batchMode
-noUpm
-name
AssetImportWorker0
-projectPath
D:/Anonimus/BigCrusher
-logFile
Logs/AssetImportWorker0.log
-srvPort
53272
Successfully changed project path to: D:/Anonimus/BigCrusher
D:/Anonimus/BigCrusher
[UnityMemory] Configuration Parameters - Can be set up in boot.config
    "memorysetup-bucket-allocator-granularity=16"
    "memorysetup-bucket-allocator-bucket-count=8"
    "memorysetup-bucket-allocator-block-size=33554432"
    "memorysetup-bucket-allocator-block-count=8"
    "memorysetup-main-allocator-block-size=16777216"
    "memorysetup-thread-allocator-block-size=16777216"
    "memorysetup-gfx-main-allocator-block-size=16777216"
    "memorysetup-gfx-thread-allocator-block-size=16777216"
    "memorysetup-cache-allocator-block-size=4194304"
    "memorysetup-typetree-allocator-block-size=2097152"
    "memorysetup-profiler-bucket-allocator-granularity=16"
    "memorysetup-profiler-bucket-allocator-bucket-count=8"
    "memorysetup-profiler-bucket-allocator-block-size=33554432"
    "memorysetup-profiler-bucket-allocator-block-count=8"
    "memorysetup-profiler-allocator-block-size=16777216"
    "memorysetup-profiler-editor-allocator-block-size=1048576"
    "memorysetup-temp-allocator-size-main=16777216"
    "memorysetup-job-temp-allocator-block-size=2097152"
    "memorysetup-job-temp-allocator-block-size-background=1048576"
    "memorysetup-job-temp-allocator-reduction-small-platforms=262144"
    "memorysetup-temp-allocator-size-background-worker=32768"
    "memorysetup-temp-allocator-size-job-worker=262144"
    "memorysetup-temp-allocator-size-preload-manager=33554432"
    "memorysetup-temp-allocator-size-nav-mesh-worker=65536"
    "memorysetup-temp-allocator-size-audio-worker=65536"
    "memorysetup-temp-allocator-size-cloud-worker=32768"
    "memorysetup-temp-allocator-size-gi-baking-worker=262144"
    "memorysetup-temp-allocator-size-gfx=262144"
Refreshing native plugins compatible for Editor in 94.02 ms, found 3 plugins.
Preloading 0 native plugins for Editor in 0.00 ms.
Initialize engine version: 2021.3.8f1 (b30333d56e81)
[Subsystems] Discovering subsystems at path D:/UnityEditor/2021.3.8f1/Editor/Data/Resources/UnitySubsystems
[Subsystems] Discovering subsystems at path D:/Anonimus/BigCrusher/Assets
GfxDevice: creating device client; threaded=0; jobified=0
Direct3D:
    Version:  Direct3D 11.0 [level 11.1]
    Renderer: NVIDIA GeForce RTX 3050 Ti Laptop GPU (ID=0x25a0)
    Vendor:   NVIDIA
    VRAM:     3990 MB
    Driver:   31.0.15.1694
Initialize mono
Mono path[0] = 'D:/UnityEditor/2021.3.8f1/Editor/Data/Managed'
Mono path[1] = 'D:/UnityEditor/2021.3.8f1/Editor/Data/MonoBleedingEdge/lib/mono/unityjit-win32'
Mono config path = 'D:/UnityEditor/2021.3.8f1/Editor/Data/MonoBleedingEdge/etc'
Using monoOptions --debugger-agent=transport=dt_socket,embedding=1,server=y,suspend=n,address=127.0.0.1:56836
Begin MonoManager ReloadAssembly
Registering precompiled unity dll's ...
Register platform support module: D:/UnityEditor/2021.3.8f1/Editor/Data/PlaybackEngines/WebGLSupport/UnityEditor.WebGL.Extensions.dll
Register platform support module: D:/UnityEditor/2021.3.8f1/Editor/Data/PlaybackEngines/AndroidPlayer/UnityEditor.Android.Extensions.dll
Register platform support module: D:/UnityEditor/2021.3.8f1/Editor/Data/PlaybackEngines/iOSSupport/UnityEditor.iOS.Extensions.dll
Register platform support module: D:/UnityEditor/2021.3.8f1/Editor/Data/PlaybackEngines/WindowsStandaloneSupport/UnityEditor.WindowsStandalone.Extensions.dll
Register platform support module: D:/UnityEditor/2021.3.8f1/Editor/Data/PlaybackEngines/MetroSupport/UnityEditor.UWP.Extensions.dll
Registered in 0.003967 seconds.
Native extension for UWP target not found
Native extension for WindowsStandalone target not found
[usbmuxd] Start listen thread
[usbmuxd] Listen thread started
Native extension for iOS target not found
Native extension for Android target not found
Native extension for WebGL target not found
Refreshing native plugins compatible for Editor in 84.18 ms, found 3 plugins.
Preloading 0 native plugins for Editor in 0.00 ms.
Mono: successfully reloaded assembly
- Completed reload, in  0.691 seconds
Domain Reload Profiling:
	ReloadAssembly (691ms)
		BeginReloadAssembly (83ms)
			ExecutionOrderSort (0ms)
			DisableScriptedObjects (0ms)
			BackupInstance (0ms)
			ReleaseScriptingObjects (0ms)
			CreateAndSetChildDomain (1ms)
		EndReloadAssembly (501ms)
			LoadAssemblies (84ms)
			RebuildTransferFunctionScriptingTraits (0ms)
			SetupTypeCache (128ms)
			ReleaseScriptCaches (0ms)
			RebuildScriptCaches (29ms)
			SetupLoadedEditorAssemblies (293ms)
				LogAssemblyErrors (0ms)
				InitializePlatformSupportModulesInManaged (63ms)
				SetLoadedEditorAssemblies (0ms)
				RefreshPlugins (84ms)
				BeforeProcessingInitializeOnLoad (1ms)
				ProcessInitializeOnLoadAttributes (99ms)
				ProcessInitializeOnLoadMethodAttributes (46ms)
				AfterProcessingInitializeOnLoad (0ms)
				EditorAssembliesLoaded (0ms)
			ExecutionOrderSort2 (0ms)
			AwakeInstancesAfterBackupRestoration (0ms)
Platform modules already initialized, skipping
Registering precompiled user dll's ...
Registered in 0.003886 seconds.
Begin MonoManager ReloadAssembly
Symbol file LoadedFromMemory doesn't match image D:\Anonimus\BigCrusher\Library\PackageCache\com.unity.visualscripting@1.7.8\Editor\VisualScripting.Core\Dependencies\YamlDotNet\Unity.VisualScripting.YamlDotNet.dll
Symbol file LoadedFromMemory doesn't match image D:\Anonimus\BigCrusher\Library\PackageCache\com.unity.visualscripting@1.7.8\Editor\VisualScripting.Core\Dependencies\DotNetZip\Unity.VisualScripting.IonicZip.dll
Native extension for UWP target not found
Native extension for WindowsStandalone target not found
Native extension for iOS target not found
Native extension for Android target not found
Native extension for WebGL target not found
Refreshing native plugins compatible for Editor in 0.85 ms, found 3 plugins.
Preloading 0 native plugins for Editor in 0.00 ms.
Mono: successfully reloaded assembly
- Completed reload, in  1.201 seconds
Domain Reload Profiling:
	ReloadAssembly (1202ms)
		BeginReloadAssembly (224ms)
			ExecutionOrderSort (0ms)
			DisableScriptedObjects (5ms)
			BackupInstance (0ms)
			ReleaseScriptingObjects (0ms)
			CreateAndSetChildDomain (131ms)
		EndReloadAssembly (869ms)
			LoadAssemblies (93ms)
			RebuildTransferFunctionScriptingTraits (0ms)
			SetupTypeCache (298ms)
			ReleaseScriptCaches (1ms)
			RebuildScriptCaches (59ms)
			SetupLoadedEditorAssemblies (390ms)
				LogAssemblyErrors (0ms)
				InitializePlatformSupportModulesInManaged (26ms)
				SetLoadedEditorAssemblies (0ms)
				RefreshPlugins (1ms)
				BeforeProcessingInitializeOnLoad (78ms)
				ProcessInitializeOnLoadAttributes (256ms)
				ProcessInitializeOnLoadMethodAttributes (27ms)
				AfterProcessingInitializeOnLoad (2ms)
				EditorAssembliesLoaded (0ms)
			ExecutionOrderSort2 (0ms)
			AwakeInstancesAfterBackupRestoration (5ms)
Platform modules already initialized, skipping
========================================================================
Worker process is ready to serve import requests
Launched and connected shader compiler UnityShaderCompiler.exe after 0.05 seconds
Refreshing native plugins compatible for Editor in 1.47 ms, found 3 plugins.
Preloading 0 native plugins for Editor in 0.00 ms.
Unloading 3586 Unused Serialized files (Serialized files now loaded: 0)
Unloading 40 unused Assets / (130.4 KB). Loaded Objects now: 4055.
Memory consumption went from 126.5 MB to 126.4 MB.
Total: 5.926400 ms (FindLiveObjects: 0.612700 ms CreateObjectMapping: 0.368200 ms MarkObjects: 4.708600 ms  DeleteObjects: 0.234400 ms)

AssetImportParameters requested are different than current active one (requested -> active):
  custom:video-decoder-ogg-theora: a1e56fd34408186e4bbccfd4996cb3dc -> 
  custom:container-muxer-webm: aa71ff27fc2769a1b78a27578f13a17b -> 
  custom:container-demuxer-webm: 4f35f7cbe854078d1ac9338744f61a02 -> 
  custom:video-encoder-webm-vp8: eb34c28f22e8b96e1ab97ce403110664 -> 
  custom:audio-encoder-webm-vorbis: bf7c407c2cedff20999df2af8eb42d56 -> 
  custom:framework-win-MediaFoundation: 216162199b28c13a410421893ffa2e32 -> 
  custom:container-demuxer-ogg: 62fdf1f143b41e24485cea50d1cbac27 -> 
  custom:video-decoder-webm-vp8: 9c59270c3fd7afecdb556c50c9e8de78 -> 
  custom:audio-decoder-ogg-vorbis: bf7c407c2cedff20999df2af8eb42d56 -> 
========================================================================
Received Import Request.
  Time since last request: 12209.572192 seconds.
  path: Assets/source
  artifactKey: Guid(5658f3c4321a5fa4f87f8868dbe10388) Importer(815301076,1909f56bfc062723c751e8b465ee728b)
Start importing Assets/source using Guid(5658f3c4321a5fa4f87f8868dbe10388) Importer(815301076,1909f56bfc062723c751e8b465ee728b)  -> (artifact id: 'fd9e5650ab9547933690087bbf3a1b19') in 0.019495 seconds 
========================================================================
Received Import Request.
  Time since last request: 22.136144 seconds.
  path: Assets/Platforms
  artifactKey: Guid(d40779e41cde0df48a0984c17015bf9a) Importer(815301076,1909f56bfc062723c751e8b465ee728b)
Start importing Assets/Platforms using Guid(d40779e41cde0df48a0984c17015bf9a) Importer(815301076,1909f56bfc062723c751e8b465ee728b)  -> (artifact id: 'd44afc5dc8252da6e6906eaa2e5d729c') in 0.005292 seconds 
========================================================================
Received Import Request.
  Time since last request: 5.632164 seconds.
  path: Assets/textures
  artifactKey: Guid(fc122c7ea92242e49a0671027aa58631) Importer(815301076,1909f56bfc062723c751e8b465ee728b)
Start importing Assets/textures using Guid(fc122c7ea92242e49a0671027aa58631) Importer(815301076,1909f56bfc062723c751e8b465ee728b)  -> (artifact id: 'ec3f314943cfcf2e74e87857d34e21ff') in 0.007346 seconds 
========================================================================
Received Import Request.
  Time since last request: 0.051441 seconds.
  path: Assets/textures/Plataformas_Color2.jpg
  artifactKey: Guid(336c1b38a33c6834e879350451c520db) Importer(815301076,1909f56bfc062723c751e8b465ee728b)
Start importing Assets/textures/Plataformas_Color2.jpg using Guid(336c1b38a33c6834e879350451c520db) Importer(815301076,1909f56bfc062723c751e8b465ee728b)  -> (artifact id: '371387534f07204b1f1ad909e4ffc85b') in 0.091137 seconds 
========================================================================
Received Import Request.
  Time since last request: 10.755814 seconds.
  path: Assets/Plugins
  artifactKey: Guid(a0863500005d5bb4fbe23de76d3ccff9) Importer(815301076,1909f56bfc062723c751e8b465ee728b)
Start importing Assets/Plugins using Guid(a0863500005d5bb4fbe23de76d3ccff9) Importer(815301076,1909f56bfc062723c751e8b465ee728b)  -> (artifact id: '1310140c21fb41f347fe04ffb33d3617') in 0.006470 seconds 
========================================================================
Received Import Request.
  Time since last request: 0.532720 seconds.
  path: Assets/Platforms/platforms.fbx
  artifactKey: Guid(ca39aa55988b6ee4aa9a2f83dd37834c) Importer(815301076,1909f56bfc062723c751e8b465ee728b)
Start importing Assets/Platforms/platforms.fbx using Guid(ca39aa55988b6ee4aa9a2f83dd37834c) Importer(815301076,1909f56bfc062723c751e8b465ee728b)  -> (artifact id: '3d6bedc4d6cc6b053af3b82e214ccb52') in 0.286741 seconds 
========================================================================
Received Import Request.
  Time since last request: 98.964618 seconds.
  path: Assets/Prefabs/Builldings
  artifactKey: Guid(da022b0477dafb84e8336f4a45bbbf75) Importer(815301076,1909f56bfc062723c751e8b465ee728b)
Start importing Assets/Prefabs/Builldings using Guid(da022b0477dafb84e8336f4a45bbbf75) Importer(815301076,1909f56bfc062723c751e8b465ee728b)  -> (artifact id: '935857d0db5f1f053d8f156546cc5eb7') in 0.005189 seconds 
========================================================================
Received Import Request.
  Time since last request: 11.017432 seconds.
  path: Assets/Prefabs/Platforms
  artifactKey: Guid(e549555abaa71754180f641b5cd3e480) Importer(815301076,1909f56bfc062723c751e8b465ee728b)
Start importing Assets/Prefabs/Platforms using Guid(e549555abaa71754180f641b5cd3e480) Importer(815301076,1909f56bfc062723c751e8b465ee728b)  -> (artifact id: 'cee9281797470635f8939b63aa175673') in 0.001803 seconds 
========================================================================
Received Import Request.
  Time since last request: 42.669984 seconds.
  path: Assets/Prefabs/Platforms/FinishLine.prefab
  artifactKey: Guid(17143766d0f472d42adc6b5788fb9dcd) Importer(815301076,1909f56bfc062723c751e8b465ee728b)
Start importing Assets/Prefabs/Platforms/FinishLine.prefab using Guid(17143766d0f472d42adc6b5788fb9dcd) Importer(815301076,1909f56bfc062723c751e8b465ee728b)  -> (artifact id: 'fcddf52639b17f6d51e812acb0b1f819') in 0.032242 seconds 
========================================================================
Received Import Request.
  Time since last request: 12.403973 seconds.
  path: Assets/Prefabs/Platforms/EndOfLine.prefab
  artifactKey: Guid(55ac072c20c212a49abe8fb82e31a1fd) Importer(815301076,1909f56bfc062723c751e8b465ee728b)
Start importing Assets/Prefabs/Platforms/EndOfLine.prefab using Guid(55ac072c20c212a49abe8fb82e31a1fd) Importer(815301076,1909f56bfc062723c751e8b465ee728b)  -> (artifact id: '841a9678cc31bf21b5fa909f300da90a') in 0.040766 seconds 
========================================================================
Received Import Request.
  Time since last request: 47.717418 seconds.
  path: Assets/Prefabs/Platforms/SimpleLine.prefab
  artifactKey: Guid(fae4ca75435daae4cab168a4734c60d5) Importer(815301076,1909f56bfc062723c751e8b465ee728b)
Start importing Assets/Prefabs/Platforms/SimpleLine.prefab using Guid(fae4ca75435daae4cab168a4734c60d5) Importer(815301076,1909f56bfc062723c751e8b465ee728b)  -> (artifact id: '356fa2015b293664ff2c06f1dce1e92a') in 0.040411 seconds 
========================================================================
Received Import Request.
  Time since last request: 39.489257 seconds.
  path: Assets/Prefabs/Platforms/Closed3SidesPlatform.prefab
  artifactKey: Guid(7a31626dcca83244fb28fedded44d3ce) Importer(815301076,1909f56bfc062723c751e8b465ee728b)
Start importing Assets/Prefabs/Platforms/Closed3SidesPlatform.prefab using Guid(7a31626dcca83244fb28fedded44d3ce) Importer(815301076,1909f56bfc062723c751e8b465ee728b)  -> (artifact id: 'dfef4dfe7a849a5ef2eac231224af9fe') in 0.041189 seconds 
========================================================================
Received Import Request.
  Time since last request: 40.921891 seconds.
  path: Assets/Prefabs/Platforms/ToTheLeftPlatform.prefab
  artifactKey: Guid(8eba92519b559a840a02bd29ef9722f4) Importer(815301076,1909f56bfc062723c751e8b465ee728b)
Start importing Assets/Prefabs/Platforms/ToTheLeftPlatform.prefab using Guid(8eba92519b559a840a02bd29ef9722f4) Importer(815301076,1909f56bfc062723c751e8b465ee728b)  -> (artifact id: '0b70f7718c86e307cc3d5bda2405e32d') in 0.042948 seconds 
========================================================================
Received Import Request.
  Time since last request: 14.728033 seconds.
  path: Assets/Prefabs/Platforms/ToTheRightPlatform.prefab
  artifactKey: Guid(0e9239593a78c204493d6016f21d48ab) Importer(815301076,1909f56bfc062723c751e8b465ee728b)
Start importing Assets/Prefabs/Platforms/ToTheRightPlatform.prefab using Guid(0e9239593a78c204493d6016f21d48ab) Importer(815301076,1909f56bfc062723c751e8b465ee728b)  -> (artifact id: '60353a0690375692539781c05e446709') in 0.042355 seconds 
========================================================================
Received Import Request.
  Time since last request: 29.821003 seconds.
  path: Assets/Prefabs/Platforms/GetUpPlatform.prefab
  artifactKey: Guid(b7da5daddf3105f4aacae845e3343dfd) Importer(815301076,1909f56bfc062723c751e8b465ee728b)
Start importing Assets/Prefabs/Platforms/GetUpPlatform.prefab using Guid(b7da5daddf3105f4aacae845e3343dfd) Importer(815301076,1909f56bfc062723c751e8b465ee728b)  -> (artifact id: 'c14c86f5f3e2b020a4030c4f65b6e778') in 0.025543 seconds 
========================================================================
Received Import Request.
  Time since last request: 22.906442 seconds.
  path: Assets/Prefabs/Platforms/SmallGetUpPlatform.prefab
  artifactKey: Guid(79e0a79e337f1a24cadb90882990ac1d) Importer(815301076,1909f56bfc062723c751e8b465ee728b)
Start importing Assets/Prefabs/Platforms/SmallGetUpPlatform.prefab using Guid(79e0a79e337f1a24cadb90882990ac1d) Importer(815301076,1909f56bfc062723c751e8b465ee728b)  -> (artifact id: 'a0fe6643a92c71f421e647ac86d09089') in 0.043330 seconds 
========================================================================
Received Import Request.
  Time since last request: 17.778712 seconds.
  path: Assets/Prefabs/Platforms/RightGetUp.prefab
  artifactKey: Guid(b91d3cc83214e6e4789a39e3a052742e) Importer(815301076,1909f56bfc062723c751e8b465ee728b)
Start importing Assets/Prefabs/Platforms/RightGetUp.prefab using Guid(b91d3cc83214e6e4789a39e3a052742e) Importer(815301076,1909f56bfc062723c751e8b465ee728b)  -> (artifact id: '0e92027c52de6bcd9642f9321921cae5') in 0.044573 seconds 
========================================================================
Received Import Request.
  Time since last request: 9.804836 seconds.
  path: Assets/Prefabs/Platforms/LeftGetUp.prefab
  artifactKey: Guid(69f2d8762bf5e694fa321d4b57315335) Importer(815301076,1909f56bfc062723c751e8b465ee728b)
Start importing Assets/Prefabs/Platforms/LeftGetUp.prefab using Guid(69f2d8762bf5e694fa321d4b57315335) Importer(815301076,1909f56bfc062723c751e8b465ee728b)  -> (artifact id: 'b53ea0875c5ba66c65ee0a777523207f') in 0.044926 seconds 
========================================================================
Received Import Request.
  Time since last request: 51.578561 seconds.
  path: Assets/Prefabs/Platforms/LongRightGetUp.prefab
  artifactKey: Guid(96cd75d8d3b43164aa6d59f8a3077933) Importer(815301076,1909f56bfc062723c751e8b465ee728b)
Start importing Assets/Prefabs/Platforms/LongRightGetUp.prefab using Guid(96cd75d8d3b43164aa6d59f8a3077933) Importer(815301076,1909f56bfc062723c751e8b465ee728b)  -> (artifact id: '70c50fe47ba5e6748fa05185387db78b') in 0.042991 seconds 
========================================================================
Received Import Request.
  Time since last request: 9.674167 seconds.
  path: Assets/Prefabs/Platforms/LongLeftGetUp.prefab
  artifactKey: Guid(32ffc938b87f7f345b27a9ddba77e057) Importer(815301076,1909f56bfc062723c751e8b465ee728b)
Start importing Assets/Prefabs/Platforms/LongLeftGetUp.prefab using Guid(32ffc938b87f7f345b27a9ddba77e057) Importer(815301076,1909f56bfc062723c751e8b465ee728b)  -> (artifact id: '48f845ac699b579f9c97a2de9f444a91') in 0.045363 seconds 
========================================================================
Received Prepare
Registering precompiled user dll's ...
Registered in 0.003788 seconds.
Begin MonoManager ReloadAssembly
Symbol file LoadedFromMemory doesn't match image D:\Anonimus\BigCrusher\Library\PackageCache\com.unity.visualscripting@1.7.8\Editor\VisualScripting.Core\Dependencies\YamlDotNet\Unity.VisualScripting.YamlDotNet.dll
Symbol file LoadedFromMemory doesn't match image D:\Anonimus\BigCrusher\Library\PackageCache\com.unity.visualscripting@1.7.8\Editor\VisualScripting.Core\Dependencies\DotNetZip\Unity.VisualScripting.IonicZip.dll
Native extension for UWP target not found
Native extension for WindowsStandalone target not found
Native extension for iOS target not found
Native extension for Android target not found
Native extension for WebGL target not found
Refreshing native plugins compatible for Editor in 0.83 ms, found 3 plugins.
Preloading 0 native plugins for Editor in 0.00 ms.
Mono: successfully reloaded assembly
- Completed reload, in  0.991 seconds
Domain Reload Profiling:
	ReloadAssembly (992ms)
		BeginReloadAssembly (130ms)
			ExecutionOrderSort (0ms)
			DisableScriptedObjects (4ms)
			BackupInstance (0ms)
			ReleaseScriptingObjects (0ms)
			CreateAndSetChildDomain (40ms)
		EndReloadAssembly (771ms)
			LoadAssemblies (83ms)
			RebuildTransferFunctionScriptingTraits (0ms)
			SetupTypeCache (267ms)
			ReleaseScriptCaches (1ms)
			RebuildScriptCaches (44ms)
			SetupLoadedEditorAssemblies (346ms)
				LogAssemblyErrors (0ms)
				InitializePlatformSupportModulesInManaged (29ms)
				SetLoadedEditorAssemblies (0ms)
				RefreshPlugins (1ms)
				BeforeProcessingInitializeOnLoad (56ms)
				ProcessInitializeOnLoadAttributes (229ms)
				ProcessInitializeOnLoadMethodAttributes (28ms)
				AfterProcessingInitializeOnLoad (3ms)
				EditorAssembliesLoaded (0ms)
			ExecutionOrderSort2 (0ms)
			AwakeInstancesAfterBackupRestoration (5ms)
Platform modules already initialized, skipping
Refreshing native plugins compatible for Editor in 3.69 ms, found 3 plugins.
Preloading 0 native plugins for Editor in 0.00 ms.
Unloading 3579 Unused Serialized files (Serialized files now loaded: 0)
Unloading 21 unused Assets / (97.5 KB). Loaded Objects now: 4114.
Memory consumption went from 131.0 MB to 130.9 MB.
Total: 6.050200 ms (FindLiveObjects: 0.648800 ms CreateObjectMapping: 0.498000 ms MarkObjects: 4.830200 ms  DeleteObjects: 0.070600 ms)

AssetImportParameters requested are different than current active one (requested -> active):
  custom:video-decoder-ogg-theora: a1e56fd34408186e4bbccfd4996cb3dc -> 
  custom:container-muxer-webm: aa71ff27fc2769a1b78a27578f13a17b -> 
  custom:container-demuxer-webm: 4f35f7cbe854078d1ac9338744f61a02 -> 
  custom:video-encoder-webm-vp8: eb34c28f22e8b96e1ab97ce403110664 -> 
  custom:audio-encoder-webm-vorbis: bf7c407c2cedff20999df2af8eb42d56 -> 
  custom:framework-win-MediaFoundation: 216162199b28c13a410421893ffa2e32 -> 
  custom:container-demuxer-ogg: 62fdf1f143b41e24485cea50d1cbac27 -> 
  custom:video-decoder-webm-vp8: 9c59270c3fd7afecdb556c50c9e8de78 -> 
  custom:audio-decoder-ogg-vorbis: bf7c407c2cedff20999df2af8eb42d56 -> 
========================================================================
Received Prepare
Registering precompiled user dll's ...
Registered in 0.003930 seconds.
Begin MonoManager ReloadAssembly
Symbol file LoadedFromMemory doesn't match image D:\Anonimus\BigCrusher\Library\PackageCache\com.unity.visualscripting@1.7.8\Editor\VisualScripting.Core\Dependencies\YamlDotNet\Unity.VisualScripting.YamlDotNet.dll
Symbol file LoadedFromMemory doesn't match image D:\Anonimus\BigCrusher\Library\PackageCache\com.unity.visualscripting@1.7.8\Editor\VisualScripting.Core\Dependencies\DotNetZip\Unity.VisualScripting.IonicZip.dll
Native extension for UWP target not found
Native extension for WindowsStandalone target not found
Native extension for iOS target not found
Native extension for Android target not found
Native extension for WebGL target not found
Refreshing native plugins compatible for Editor in 0.86 ms, found 3 plugins.
Preloading 0 native plugins for Editor in 0.00 ms.
Mono: successfully reloaded assembly
- Completed reload, in  0.956 seconds
Domain Reload Profiling:
	ReloadAssembly (957ms)
		BeginReloadAssembly (127ms)
			ExecutionOrderSort (0ms)
			DisableScriptedObjects (4ms)
			BackupInstance (0ms)
			ReleaseScriptingObjects (0ms)
			CreateAndSetChildDomain (40ms)
		EndReloadAssembly (740ms)
			LoadAssemblies (79ms)
			RebuildTransferFunctionScriptingTraits (0ms)
			SetupTypeCache (247ms)
			ReleaseScriptCaches (1ms)
			RebuildScriptCaches (41ms)
			SetupLoadedEditorAssemblies (341ms)
				LogAssemblyErrors (0ms)
				InitializePlatformSupportModulesInManaged (29ms)
				SetLoadedEditorAssemblies (0ms)
				RefreshPlugins (1ms)
				BeforeProcessingInitializeOnLoad (57ms)
				ProcessInitializeOnLoadAttributes (223ms)
				ProcessInitializeOnLoadMethodAttributes (28ms)
				AfterProcessingInitializeOnLoad (2ms)
				EditorAssembliesLoaded (0ms)
			ExecutionOrderSort2 (0ms)
			AwakeInstancesAfterBackupRestoration (5ms)
Platform modules already initialized, skipping
Refreshing native plugins compatible for Editor in 3.46 ms, found 3 plugins.
Preloading 0 native plugins for Editor in 0.00 ms.
Unloading 3579 Unused Serialized files (Serialized files now loaded: 0)
Unloading 21 unused Assets / (97.6 KB). Loaded Objects now: 4129.
Memory consumption went from 131.0 MB to 130.9 MB.
Total: 5.827600 ms (FindLiveObjects: 0.617600 ms CreateObjectMapping: 0.397500 ms MarkObjects: 4.723500 ms  DeleteObjects: 0.087500 ms)

AssetImportParameters requested are different than current active one (requested -> active):
  custom:video-decoder-ogg-theora: a1e56fd34408186e4bbccfd4996cb3dc -> 
  custom:container-muxer-webm: aa71ff27fc2769a1b78a27578f13a17b -> 
  custom:container-demuxer-webm: 4f35f7cbe854078d1ac9338744f61a02 -> 
  custom:video-encoder-webm-vp8: eb34c28f22e8b96e1ab97ce403110664 -> 
  custom:audio-encoder-webm-vorbis: bf7c407c2cedff20999df2af8eb42d56 -> 
  custom:framework-win-MediaFoundation: 216162199b28c13a410421893ffa2e32 -> 
  custom:container-demuxer-ogg: 62fdf1f143b41e24485cea50d1cbac27 -> 
  custom:video-decoder-webm-vp8: 9c59270c3fd7afecdb556c50c9e8de78 -> 
  custom:audio-decoder-ogg-vorbis: bf7c407c2cedff20999df2af8eb42d56 -> 
========================================================================
Received Prepare
Registering precompiled user dll's ...
Registered in 0.003555 seconds.
Begin MonoManager ReloadAssembly
Symbol file LoadedFromMemory doesn't match image D:\Anonimus\BigCrusher\Library\PackageCache\com.unity.visualscripting@1.7.8\Editor\VisualScripting.Core\Dependencies\YamlDotNet\Unity.VisualScripting.YamlDotNet.dll
Symbol file LoadedFromMemory doesn't match image D:\Anonimus\BigCrusher\Library\PackageCache\com.unity.visualscripting@1.7.8\Editor\VisualScripting.Core\Dependencies\DotNetZip\Unity.VisualScripting.IonicZip.dll
Native extension for UWP target not found
Native extension for WindowsStandalone target not found
Native extension for iOS target not found
Native extension for Android target not found
Native extension for WebGL target not found
Refreshing native plugins compatible for Editor in 0.83 ms, found 3 plugins.
Preloading 0 native plugins for Editor in 0.00 ms.
Mono: successfully reloaded assembly
- Completed reload, in  1.059 seconds
Domain Reload Profiling:
	ReloadAssembly (1060ms)
		BeginReloadAssembly (128ms)
			ExecutionOrderSort (0ms)
			DisableScriptedObjects (4ms)
			BackupInstance (0ms)
			ReleaseScriptingObjects (0ms)
			CreateAndSetChildDomain (39ms)
		EndReloadAssembly (848ms)
			LoadAssemblies (84ms)
			RebuildTransferFunctionScriptingTraits (0ms)
			SetupTypeCache (265ms)
			ReleaseScriptCaches (1ms)
			RebuildScriptCaches (61ms)
			SetupLoadedEditorAssemblies (362ms)
				LogAssemblyErrors (0ms)
				InitializePlatformSupportModulesInManaged (30ms)
				SetLoadedEditorAssemblies (0ms)
				RefreshPlugins (1ms)
				BeforeProcessingInitializeOnLoad (56ms)
				ProcessInitializeOnLoadAttributes (236ms)
				ProcessInitializeOnLoadMethodAttributes (33ms)
				AfterProcessingInitializeOnLoad (6ms)
				EditorAssembliesLoaded (0ms)
			ExecutionOrderSort2 (0ms)
			AwakeInstancesAfterBackupRestoration (6ms)
Platform modules already initialized, skipping
Refreshing native plugins compatible for Editor in 3.65 ms, found 3 plugins.
Preloading 0 native plugins for Editor in 0.00 ms.
Unloading 3579 Unused Serialized files (Serialized files now loaded: 0)
Unloading 21 unused Assets / (97.6 KB). Loaded Objects now: 4144.
Memory consumption went from 131.0 MB to 130.9 MB.
Total: 6.209600 ms (FindLiveObjects: 0.629100 ms CreateObjectMapping: 0.317300 ms MarkObjects: 5.123600 ms  DeleteObjects: 0.137900 ms)

AssetImportParameters requested are different than current active one (requested -> active):
  custom:video-decoder-ogg-theora: a1e56fd34408186e4bbccfd4996cb3dc -> 
  custom:container-muxer-webm: aa71ff27fc2769a1b78a27578f13a17b -> 
  custom:container-demuxer-webm: 4f35f7cbe854078d1ac9338744f61a02 -> 
  custom:video-encoder-webm-vp8: eb34c28f22e8b96e1ab97ce403110664 -> 
  custom:audio-encoder-webm-vorbis: bf7c407c2cedff20999df2af8eb42d56 -> 
  custom:framework-win-MediaFoundation: 216162199b28c13a410421893ffa2e32 -> 
  custom:container-demuxer-ogg: 62fdf1f143b41e24485cea50d1cbac27 -> 
  custom:video-decoder-webm-vp8: 9c59270c3fd7afecdb556c50c9e8de78 -> 
  custom:audio-decoder-ogg-vorbis: bf7c407c2cedff20999df2af8eb42d56 -> 
========================================================================
Received Import Request.
  Time since last request: 426.342526 seconds.
  path: Assets/Prefabs/Platforms/Closed3SidesPlatform.prefab
  artifactKey: Guid(7a31626dcca83244fb28fedded44d3ce) Importer(815301076,1909f56bfc062723c751e8b465ee728b)
Start importing Assets/Prefabs/Platforms/Closed3SidesPlatform.prefab using Guid(7a31626dcca83244fb28fedded44d3ce) Importer(815301076,1909f56bfc062723c751e8b465ee728b)  -> (artifact id: '4d13cd17392ff8e868f8c27ab060402c') in 0.097081 seconds 
========================================================================
Received Import Request.
  Time since last request: 0.000031 seconds.
  path: Assets/Prefabs/Platforms/FinishLine.prefab
  artifactKey: Guid(17143766d0f472d42adc6b5788fb9dcd) Importer(815301076,1909f56bfc062723c751e8b465ee728b)
Start importing Assets/Prefabs/Platforms/FinishLine.prefab using Guid(17143766d0f472d42adc6b5788fb9dcd) Importer(815301076,1909f56bfc062723c751e8b465ee728b)  -> (artifact id: '59ba1822957c6c8b4b15a02d4e06811b') in 0.036108 seconds 
========================================================================
Received Import Request.
  Time since last request: 0.000031 seconds.
  path: Assets/Prefabs/Platforms/SimpleLine.prefab
  artifactKey: Guid(fae4ca75435daae4cab168a4734c60d5) Importer(815301076,1909f56bfc062723c751e8b465ee728b)
Start importing Assets/Prefabs/Platforms/SimpleLine.prefab using Guid(fae4ca75435daae4cab168a4734c60d5) Importer(815301076,1909f56bfc062723c751e8b465ee728b)  -> (artifact id: '6fffb15d7469137b68b2404470d72cf2') in 0.032101 seconds 
========================================================================
Received Import Request.
  Time since last request: 0.000068 seconds.
  path: Assets/Prefabs/Platforms/SmallGetUpPlatform.prefab
  artifactKey: Guid(79e0a79e337f1a24cadb90882990ac1d) Importer(815301076,1909f56bfc062723c751e8b465ee728b)
Start importing Assets/Prefabs/Platforms/SmallGetUpPlatform.prefab using Guid(79e0a79e337f1a24cadb90882990ac1d) Importer(815301076,1909f56bfc062723c751e8b465ee728b)  -> (artifact id: '4bfa63036a5601caa55c5154d6c63b06') in 0.033233 seconds 
========================================================================
Received Import Request.
  Time since last request: 0.000029 seconds.
  path: Assets/Prefabs/Platforms/LongLeftGetUp.prefab
  artifactKey: Guid(32ffc938b87f7f345b27a9ddba77e057) Importer(815301076,1909f56bfc062723c751e8b465ee728b)
Start importing Assets/Prefabs/Platforms/LongLeftGetUp.prefab using Guid(32ffc938b87f7f345b27a9ddba77e057) Importer(815301076,1909f56bfc062723c751e8b465ee728b)  -> (artifact id: 'c8e710cbd1acf57fd56e7a77a2a47ba6') in 0.027497 seconds 
========================================================================
Received Import Request.
  Time since last request: 0.000029 seconds.
  path: Assets/Prefabs/Platforms/GetUpPlatform.prefab
  artifactKey: Guid(b7da5daddf3105f4aacae845e3343dfd) Importer(815301076,1909f56bfc062723c751e8b465ee728b)
Start importing Assets/Prefabs/Platforms/GetUpPlatform.prefab using Guid(b7da5daddf3105f4aacae845e3343dfd) Importer(815301076,1909f56bfc062723c751e8b465ee728b)  -> (artifact id: '21e5694654c8c53f2ae282f9a7e2f7ae') in 0.028001 seconds 
========================================================================
Received Prepare
Registering precompiled user dll's ...
Registered in 0.003585 seconds.
Begin MonoManager ReloadAssembly
Symbol file LoadedFromMemory doesn't match image D:\Anonimus\BigCrusher\Library\PackageCache\com.unity.visualscripting@1.7.8\Editor\VisualScripting.Core\Dependencies\YamlDotNet\Unity.VisualScripting.YamlDotNet.dll
Symbol file LoadedFromMemory doesn't match image D:\Anonimus\BigCrusher\Library\PackageCache\com.unity.visualscripting@1.7.8\Editor\VisualScripting.Core\Dependencies\DotNetZip\Unity.VisualScripting.IonicZip.dll
Native extension for UWP target not found
Native extension for WindowsStandalone target not found
Native extension for iOS target not found
Native extension for Android target not found
Native extension for WebGL target not found
Refreshing native plugins compatible for Editor in 0.85 ms, found 3 plugins.
Preloading 0 native plugins for Editor in 0.00 ms.
Mono: successfully reloaded assembly
- Completed reload, in  1.061 seconds
Domain Reload Profiling:
	ReloadAssembly (1062ms)
		BeginReloadAssembly (139ms)
			ExecutionOrderSort (0ms)
			DisableScriptedObjects (4ms)
			BackupInstance (0ms)
			ReleaseScriptingObjects (0ms)
			CreateAndSetChildDomain (41ms)
		EndReloadAssembly (825ms)
			LoadAssemblies (89ms)
			RebuildTransferFunctionScriptingTraits (0ms)
			SetupTypeCache (271ms)
			ReleaseScriptCaches (1ms)
			RebuildScriptCaches (63ms)
			SetupLoadedEditorAssemblies (354ms)
				LogAssemblyErrors (0ms)
				InitializePlatformSupportModulesInManaged (28ms)
				SetLoadedEditorAssemblies (0ms)
				RefreshPlugins (1ms)
				BeforeProcessingInitializeOnLoad (60ms)
				ProcessInitializeOnLoadAttributes (234ms)
				ProcessInitializeOnLoadMethodAttributes (28ms)
				AfterProcessingInitializeOnLoad (2ms)
				EditorAssembliesLoaded (0ms)
			ExecutionOrderSort2 (0ms)
			AwakeInstancesAfterBackupRestoration (5ms)
Platform modules already initialized, skipping
Refreshing native plugins compatible for Editor in 3.36 ms, found 3 plugins.
Preloading 0 native plugins for Editor in 0.00 ms.
Unloading 3579 Unused Serialized files (Serialized files now loaded: 0)
Unloading 21 unused Assets / (97.6 KB). Loaded Objects now: 4159.
Memory consumption went from 131.1 MB to 131.0 MB.
Total: 6.042500 ms (FindLiveObjects: 0.606800 ms CreateObjectMapping: 0.387400 ms MarkObjects: 4.929000 ms  DeleteObjects: 0.117400 ms)

AssetImportParameters requested are different than current active one (requested -> active):
  custom:video-decoder-ogg-theora: a1e56fd34408186e4bbccfd4996cb3dc -> 
  custom:container-muxer-webm: aa71ff27fc2769a1b78a27578f13a17b -> 
  custom:container-demuxer-webm: 4f35f7cbe854078d1ac9338744f61a02 -> 
  custom:video-encoder-webm-vp8: eb34c28f22e8b96e1ab97ce403110664 -> 
  custom:audio-encoder-webm-vorbis: bf7c407c2cedff20999df2af8eb42d56 -> 
  custom:framework-win-MediaFoundation: 216162199b28c13a410421893ffa2e32 -> 
  custom:container-demuxer-ogg: 62fdf1f143b41e24485cea50d1cbac27 -> 
  custom:video-decoder-webm-vp8: 9c59270c3fd7afecdb556c50c9e8de78 -> 
  custom:audio-decoder-ogg-vorbis: bf7c407c2cedff20999df2af8eb42d56 -> 
========================================================================
Received Prepare
Registering precompiled user dll's ...
Registered in 0.003616 seconds.
Begin MonoManager ReloadAssembly
Symbol file LoadedFromMemory doesn't match image D:\Anonimus\BigCrusher\Library\PackageCache\com.unity.visualscripting@1.7.8\Editor\VisualScripting.Core\Dependencies\YamlDotNet\Unity.VisualScripting.YamlDotNet.dll
Symbol file LoadedFromMemory doesn't match image D:\Anonimus\BigCrusher\Library\PackageCache\com.unity.visualscripting@1.7.8\Editor\VisualScripting.Core\Dependencies\DotNetZip\Unity.VisualScripting.IonicZip.dll
Native extension for UWP target not found
Native extension for WindowsStandalone target not found
Native extension for iOS target not found
Native extension for Android target not found
Native extension for WebGL target not found
Refreshing native plugins compatible for Editor in 0.94 ms, found 3 plugins.
Preloading 0 native plugins for Editor in 0.00 ms.
Mono: successfully reloaded assembly
- Completed reload, in  1.008 seconds
Domain Reload Profiling:
	ReloadAssembly (1009ms)
		BeginReloadAssembly (140ms)
			ExecutionOrderSort (0ms)
			DisableScriptedObjects (4ms)
			BackupInstance (0ms)
			ReleaseScriptingObjects (0ms)
			CreateAndSetChildDomain (40ms)
		EndReloadAssembly (776ms)
			LoadAssemblies (94ms)
			RebuildTransferFunctionScriptingTraits (0ms)
			SetupTypeCache (268ms)
			ReleaseScriptCaches (1ms)
			RebuildScriptCaches (44ms)
			SetupLoadedEditorAssemblies (345ms)
				LogAssemblyErrors (0ms)
				InitializePlatformSupportModulesInManaged (29ms)
				SetLoadedEditorAssemblies (0ms)
				RefreshPlugins (1ms)
				BeforeProcessingInitializeOnLoad (54ms)
				ProcessInitializeOnLoadAttributes (227ms)
				ProcessInitializeOnLoadMethodAttributes (31ms)
				AfterProcessingInitializeOnLoad (2ms)
				EditorAssembliesLoaded (0ms)
			ExecutionOrderSort2 (0ms)
			AwakeInstancesAfterBackupRestoration (5ms)
Platform modules already initialized, skipping
Refreshing native plugins compatible for Editor in 4.12 ms, found 3 plugins.
Preloading 0 native plugins for Editor in 0.00 ms.
Unloading 3579 Unused Serialized files (Serialized files now loaded: 0)
Unloading 21 unused Assets / (97.6 KB). Loaded Objects now: 4174.
Memory consumption went from 131.1 MB to 131.0 MB.
Total: 6.615100 ms (FindLiveObjects: 0.621500 ms CreateObjectMapping: 0.781400 ms MarkObjects: 5.040500 ms  DeleteObjects: 0.168200 ms)

AssetImportParameters requested are different than current active one (requested -> active):
  custom:video-decoder-ogg-theora: a1e56fd34408186e4bbccfd4996cb3dc -> 
  custom:container-muxer-webm: aa71ff27fc2769a1b78a27578f13a17b -> 
  custom:container-demuxer-webm: 4f35f7cbe854078d1ac9338744f61a02 -> 
  custom:video-encoder-webm-vp8: eb34c28f22e8b96e1ab97ce403110664 -> 
  custom:audio-encoder-webm-vorbis: bf7c407c2cedff20999df2af8eb42d56 -> 
  custom:framework-win-MediaFoundation: 216162199b28c13a410421893ffa2e32 -> 
  custom:container-demuxer-ogg: 62fdf1f143b41e24485cea50d1cbac27 -> 
  custom:video-decoder-webm-vp8: 9c59270c3fd7afecdb556c50c9e8de78 -> 
  custom:audio-decoder-ogg-vorbis: bf7c407c2cedff20999df2af8eb42d56 -> 
Editor requested this worker to shutdown with reason: Scaling down because of idle timeout
AssetImportWorker is now disconnected from the server
Process exiting
Exiting without the bug reporter. Application will terminate with return code 0